#
# A fatal error has been detected by the Java Runtime Environment:
#
#  Internal Error (assembler_x86.cpp:739), pid=3054, tid=0x00007fda3097d700
#  Error: ShouldNotReachHere()
#
# JRE version: Java(TM) SE Runtime Environment (8.0_131-b11) (build 1.8.0_131-b11)
# Java VM: Java HotSpot(TM) 64-Bit Server VM (25.131-b11 mixed mode linux-amd64 compressed oops)
# Failed to write core dump. Core dumps have been disabled. To enable core dumping, try "ulimit -c unlimited" before starting Java again
#
# If you would like to submit a bug report, please visit:
#   http://bugreport.java.com/bugreport/crash.jsp
#

---------------  T H R E A D  ---------------

Current thread (0x00007fda2c021000):  GCTaskThread [stack: 0x00007fda3087d000,0x00007fda3097e000] [id=3062]

Stack: [0x00007fda3087d000,0x00007fda3097e000],  sp=0x00007fda3097c600,  free space=1021k
Native frames: (J=compiled Java code, j=interpreted, Vv=VM code, C=native code)
V  [libjvm.so+0xac826a]  VMError::report_and_die()+0x2ba
V  [libjvm.so+0x4fcfc2]  report_should_not_reach_here(char const*, int)+0x52
V  [libjvm.so+0x2fbfc1]  Assembler::locate_operand(unsigned char*, Assembler::WhichOperand)+0xd1
V  [libjvm.so+0x9a8825]  oop_Relocation::oop_value()+0x55
V  [libjvm.so+0x8ebab6]  nmethod::oops_do(OopClosure*, bool)+0x116
V  [libjvm.so+0x68e38f]  MarkingCodeBlobClosure::do_code_blob(CodeBlob*)+0x4f
V  [libjvm.so+0x480cb6]  CodeCache::scavenge_root_nmethods_do(CodeBlobClosure*)+0x46
V  [libjvm.so+0x992aaf]  ScavengeRootsTask::do_it(GCTaskManager*, unsigned int)+0xef
V  [libjvm.so+0x5d8d5f]  GCTaskThread::run()+0x12f
V  [libjvm.so+0x927568]  java_start(Thread*)+0x108


---------------  P R O C E S S  ---------------

Java Threads: ( => current thread )
  0x00007fda2c0ba800 JavaThread "Service Thread" daemon [_thread_blocked, id=3070, stack(0x00007fda19a8a000,0x00007fda19b8b000)]
  0x00007fda2c0b8000 JavaThread "C1 CompilerThread1" daemon [_thread_blocked, id=3069, stack(0x00007fda19b8b000,0x00007fda19c8c000)]
  0x00007fda2c0b5000 JavaThread "C2 CompilerThread0" daemon [_thread_blocked, id=3068, stack(0x00007fda19c8c000,0x00007fda19d8d000)]
  0x00007fda2c0b3800 JavaThread "Signal Dispatcher" daemon [_thread_blocked, id=3067, stack(0x00007fda19d8d000,0x00007fda19e8e000)]
  0x00007fda2c080000 JavaThread "Finalizer" daemon [_thread_blocked, id=3065, stack(0x00007fda1a017000,0x00007fda1a118000)]
  0x00007fda2c07b800 JavaThread "Reference Handler" daemon [_thread_blocked, id=3064, stack(0x00007fda1a118000,0x00007fda1a219000)]
  0x00007fda2c00a000 JavaThread "main" [_thread_blocked, id=3056, stack(0x00007fda3400f000,0x00007fda34110000)]

Other Threads:
  0x00007fda2c074000 VMThread [stack: 0x00007fda1a219000,0x00007fda1a31a000] [id=3063]
  0x00007fda2c0bd800 WatcherThread [stack: 0x00007fda19989000,0x00007fda19a8a000] [id=3071]

=>0x00007fda2c021000 (exited) GCTaskThread [stack: 0x00007fda3087d000,0x00007fda3097e000] [id=3062]

VM state:at safepoint (normal execution)

VM Mutex/Monitor currently owned by a thread:  ([mutex/lock_event])
[0x00007fda2c006490] Threads_lock - owner thread: 0x00007fda2c074000
[0x00007fda2c006990] Heap_lock - owner thread: 0x00007fda2c00a000

Heap:
 PSYoungGen      total 18432K, used 15872K [0x00000000eb700000, 0x00000000ecb80000, 0x0000000100000000)
  eden space 15872K, 100% used [0x00000000eb700000,0x00000000ec680000,0x00000000ec680000)
  from space 2560K, 0% used [0x00000000ec900000,0x00000000ec900000,0x00000000ecb80000)
  to   space 2560K, 50% used [0x00000000ec680000,0x00000000ec7c0000,0x00000000ec900000)
 ParOldGen       total 42496K, used 8K [0x00000000c2400000, 0x00000000c4d80000, 0x00000000eb700000)
  object space 42496K, 0% used [0x00000000c2400000,0x00000000c2402000,0x00000000c4d80000)
 Metaspace       used 6609K, capacity 6748K, committed 7040K, reserved 1056768K
  class space    used 772K, capacity 824K, committed 896K, reserved 1048576K

Card table byte_map: [0x00007fda30bc9000,0x00007fda30db8000] byte_map_base: 0x00007fda305b7000

Marking Bits: (ParMarkBitMap*) 0x00007fda334dbf60
 Begin Bits: [0x00007fda1b120000, 0x00007fda1c090000)
 End Bits:   [0x00007fda1c090000, 0x00007fda1d000000)

Polling page: 0x00007fda34128000

CodeCache: size=245760Kb used=2267Kb max_used=2267Kb free=243492Kb
 bounds [0x00007fda1d000000, 0x00007fda1d270000, 0x00007fda2c000000]
 total_blobs=713 nmethods=430 adapters=197
 compilation: enabled

Compilation events (10 events):
Event: 0.765 Thread 0x00007fda2c0b8000  426       3       java.util.TreeMap::getFirstEntry (26 bytes)
Event: 0.765 Thread 0x00007fda2c0b8000 nmethod 426 0x00007fda1d230010 code [0x00007fda1d230180, 0x00007fda1d2303f0]
Event: 0.765 Thread 0x00007fda2c0b8000  427       3       java.util.TreeMap$KeyIterator::<init> (12 bytes)
Event: 0.765 Thread 0x00007fda2c0b8000 nmethod 427 0x00007fda1d235490 code [0x00007fda1d235600, 0x00007fda1d235870]
Event: 0.768 Thread 0x00007fda2c0b8000  428   !   3       org.codehaus.plexus.classworlds.realm.ClassRealm::loadClassFromSelf (40 bytes)
Event: 0.768 Thread 0x00007fda2c0b8000 nmethod 428 0x00007fda1d235990 code [0x00007fda1d235b40, 0x00007fda1d236178]
Event: 0.768 Thread 0x00007fda2c0b8000  429       3       org.codehaus.plexus.classworlds.realm.ClassRealm::getClassRealmLoadingLock (14 bytes)
Event: 0.768 Thread 0x00007fda2c0b8000 nmethod 429 0x00007fda1d236410 code [0x00007fda1d236580, 0x00007fda1d236728]
Event: 0.768 Thread 0x00007fda2c0b8000  430       3       java.security.CodeSource::matchCerts (254 bytes)
Event: 0.769 Thread 0x00007fda2c0b8000 nmethod 430 0x00007fda1d2367d0 code [0x00007fda1d2369e0, 0x00007fda1d237538]

GC Heap History (1 events):
Event: 0.770 GC heap before
{Heap before GC invocations=1 (full 0):
 PSYoungGen      total 18432K, used 15872K [0x00000000eb700000, 0x00000000ecb80000, 0x0000000100000000)
  eden space 15872K, 100% used [0x00000000eb700000,0x00000000ec680000,0x00000000ec680000)
  from space 2560K, 0% used [0x00000000ec900000,0x00000000ec900000,0x00000000ecb80000)
  to   space 2560K, 0% used [0x00000000ec680000,0x00000000ec680000,0x00000000ec900000)
 ParOldGen       total 42496K, used 0K [0x00000000c2400000, 0x00000000c4d80000, 0x00000000eb700000)
  object space 42496K, 0% used [0x00000000c2400000,0x00000000c2400000,0x00000000c4d80000)
 Metaspace       used 6609K, capacity 6748K, committed 7040K, reserved 1056768K
  class space    used 772K, capacity 824K, committed 896K, reserved 1048576K

Deoptimization events (3 events):
Event: 0.542 Thread 0x00007fda2c00a000 Uncommon trap: reason=unstable_if action=reinterpret pc=0x00007fda1d1adb88 method=org.codehaus.plexus.util.xml.pull.MXParser.more()C @ 8
Event: 0.622 Thread 0x00007fda2c00a000 Uncommon trap: reason=unstable_if action=reinterpret pc=0x00007fda1d1b94cc method=java.lang.String.replace(CC)Ljava/lang/String; @ 26
Event: 0.681 Thread 0x00007fda2c00a000 Uncommon trap: reason=unstable_if action=reinterpret pc=0x00007fda1d1897e4 method=java.lang.String.indexOf([CII[CIII)I @ 3

Internal exceptions (6 events):
Event: 0.160 Thread 0x00007fda2c00a000 Exception <a 'java/lang/NoSuchMethodError': Method sun.misc.Unsafe.defineClass(Ljava/lang/String;[BII)Ljava/lang/Class; name or signature does not match> (0x00000000eb707ca8) thrown at [/HUDSON/workspace/8-2-build-linux-amd64/jdk8u131/8869/hotspot/src/sha
Event: 0.160 Thread 0x00007fda2c00a000 Exception <a 'java/lang/NoSuchMethodError': Method sun.misc.Unsafe.prefetchRead(Ljava/lang/Object;J)V name or signature does not match> (0x00000000eb707f90) thrown at [/HUDSON/workspace/8-2-build-linux-amd64/jdk8u131/8869/hotspot/src/share/vm/prims/jni.cp
Event: 0.450 Thread 0x00007fda2c00a000 Exception <a 'java/security/PrivilegedActionException'> (0x00000000eba40628) thrown at [/HUDSON/workspace/8-2-build-linux-amd64/jdk8u131/8869/hotspot/src/share/vm/prims/jvm.cpp, line 1390]
Event: 0.450 Thread 0x00007fda2c00a000 Exception <a 'java/security/PrivilegedActionException'> (0x00000000eba40a20) thrown at [/HUDSON/workspace/8-2-build-linux-amd64/jdk8u131/8869/hotspot/src/share/vm/prims/jvm.cpp, line 1390]
Event: 0.450 Thread 0x00007fda2c00a000 Exception <a 'java/security/PrivilegedActionException'> (0x00000000eba43070) thrown at [/HUDSON/workspace/8-2-build-linux-amd64/jdk8u131/8869/hotspot/src/share/vm/prims/jvm.cpp, line 1390]
Event: 0.451 Thread 0x00007fda2c00a000 Exception <a 'java/security/PrivilegedActionException'> (0x00000000eba43468) thrown at [/HUDSON/workspace/8-2-build-linux-amd64/jdk8u131/8869/hotspot/src/share/vm/prims/jvm.cpp, line 1390]

Events (10 events):
Event: 0.768 loading class com/google/common/collect/MapMaker$NullComputingConcurrentMap done
Event: 0.769 loading class com/google/inject/PrivateModule
Event: 0.769 loading class com/google/inject/PrivateModule done
Event: 0.769 loading class com/google/inject/spi/Elements$ModuleInfo
Event: 0.769 loading class com/google/inject/spi/Elements$ModuleInfo done
Event: 0.770 loading class com/google/inject/Singleton
Event: 0.770 loading class com/google/inject/Singleton done
Event: 0.770 loading class com/google/inject/Scopes
Event: 0.770 loading class com/google/inject/Scopes done
Event: 0.770 Executing VM operation: ParallelGCFailedAllocation


Dynamic libraries:
00400000-00401000 r-xp 00000000 08:01 4981785                            /usr/lib/jvm/java-8-oracle/bin/java
00600000-00601000 rw-p 00000000 08:01 4981785                            /usr/lib/jvm/java-8-oracle/bin/java
019d5000-019f6000 rw-p 00000000 00:00 0                                  [heap]
c2400000-c4d80000 rw-p 00000000 00:00 0 
c4d80000-eb700000 ---p 00000000 00:00 0 
eb700000-ecb80000 rw-p 00000000 00:00 0 
ecb80000-100000000 ---p 00000000 00:00 0 
100000000-1000e0000 rw-p 00000000 00:00 0 
1000e0000-140000000 ---p 00000000 00:00 0 
7fd9ec000000-7fd9ec021000 rw-p 00000000 00:00 0 
7fd9ec021000-7fd9f0000000 ---p 00000000 00:00 0 
7fd9f4000000-7fd9f4288000 rw-p 00000000 00:00 0 
7fd9f4288000-7fd9f8000000 ---p 00000000 00:00 0 
7fd9f8000000-7fd9f8021000 rw-p 00000000 00:00 0 
7fd9f8021000-7fd9fc000000 ---p 00000000 00:00 0 
7fd9fc000000-7fd9fc021000 rw-p 00000000 00:00 0 
7fd9fc021000-7fda00000000 ---p 00000000 00:00 0 
7fda00000000-7fda0018d000 rw-p 00000000 00:00 0 
7fda0018d000-7fda04000000 ---p 00000000 00:00 0 
7fda04000000-7fda04021000 rw-p 00000000 00:00 0 
7fda04021000-7fda08000000 ---p 00000000 00:00 0 
7fda08000000-7fda08021000 rw-p 00000000 00:00 0 
7fda08021000-7fda0c000000 ---p 00000000 00:00 0 
7fda0c000000-7fda0c28c000 rw-p 00000000 00:00 0 
7fda0c28c000-7fda10000000 ---p 00000000 00:00 0 
7fda10000000-7fda10021000 rw-p 00000000 00:00 0 
7fda10021000-7fda14000000 ---p 00000000 00:00 0 
7fda14000000-7fda14021000 rw-p 00000000 00:00 0 
7fda14021000-7fda18000000 ---p 00000000 00:00 0 
7fda19989000-7fda1998a000 ---p 00000000 00:00 0 
7fda1998a000-7fda19a8a000 rw-p 00000000 00:00 0 
7fda19a8a000-7fda19a8d000 ---p 00000000 00:00 0 
7fda19a8d000-7fda19b8b000 rw-p 00000000 00:00 0 
7fda19b8b000-7fda19b8e000 ---p 00000000 00:00 0 
7fda19b8e000-7fda19c8c000 rw-p 00000000 00:00 0 
7fda19c8c000-7fda19c8f000 ---p 00000000 00:00 0 
7fda19c8f000-7fda19d8d000 rw-p 00000000 00:00 0 
7fda19d8d000-7fda19d90000 ---p 00000000 00:00 0 
7fda19d90000-7fda19e8e000 rw-p 00000000 00:00 0 
7fda19e8e000-7fda1a017000 r--p 00000000 08:01 2363910                    /usr/lib/locale/locale-archive
7fda1a017000-7fda1a01a000 ---p 00000000 00:00 0 
7fda1a01a000-7fda1a118000 rw-p 00000000 00:00 0 
7fda1a118000-7fda1a11b000 ---p 00000000 00:00 0 
7fda1a11b000-7fda1a219000 rw-p 00000000 00:00 0 
7fda1a219000-7fda1a21a000 ---p 00000000 00:00 0 
7fda1a21a000-7fda1af20000 rw-p 00000000 00:00 0 
7fda1af20000-7fda1b120000 ---p 00000000 00:00 0 
7fda1b120000-7fda1d000000 rw-p 00000000 00:00 0 
7fda1d000000-7fda1d270000 rwxp 00000000 00:00 0 
7fda1d270000-7fda2c000000 ---p 00000000 00:00 0 
7fda2c000000-7fda2c545000 rw-p 00000000 00:00 0 
7fda2c545000-7fda30000000 ---p 00000000 00:00 0 
7fda30035000-7fda30036000 rw-p 00000000 00:00 0 
7fda30036000-7fda30037000 r--s 00002000 08:01 525844                     /home/deven/Downloads/eclipse/plugins/org.eclipse.m2e.maven.runtime.slf4j.simple_1.8.0.20170516-2042/jars/slf4j-simple-1.7.5.jar
7fda30037000-7fda3003c000 r--s 00041000 08:01 525802                     /home/deven/Downloads/eclipse/plugins/org.eclipse.m2e.maven.runtime_1.8.0.20170516-2042/jars/commons-lang-2.6.jar
7fda3003c000-7fda3003d000 r--s 00002000 08:01 525830                     /home/deven/Downloads/eclipse/plugins/org.eclipse.m2e.maven.runtime_1.8.0.20170516-2042/jars/wagon-file-2.10.jar
7fda3003d000-7fda3003f000 r--s 00005000 08:01 525798                     /home/deven/Downloads/eclipse/plugins/org.eclipse.m2e.maven.runtime_1.8.0.20170516-2042/jars/aether-transport-wagon-1.0.2.v20150114.jar
7fda3003f000-7fda30040000 r--s 00008000 08:01 525794                     /home/deven/Downloads/eclipse/plugins/org.eclipse.m2e.maven.runtime_1.8.0.20170516-2042/jars/aether-connector-basic-1.0.2.v20150114.jar
7fda30040000-7fda30042000 r--s 00012000 08:01 525820                     /home/deven/Downloads/eclipse/plugins/org.eclipse.m2e.maven.runtime_1.8.0.20170516-2042/jars/okio-1.12.0.jar
7fda30042000-7fda30048000 r--s 0005b000 08:01 525819                     /home/deven/Downloads/eclipse/plugins/org.eclipse.m2e.maven.runtime_1.8.0.20170516-2042/jars/okhttp-3.7.0.jar
7fda30048000-7fda3004a000 r--s 0000b000 08:01 525795                     /home/deven/Downloads/eclipse/plugins/org.eclipse.m2e.maven.runtime_1.8.0.20170516-2042/jars/aether-connector-okhttp-0.17.1.jar
7fda3004a000-7fda3004c000 r--s 00006000 08:01 525797                     /home/deven/Downloads/eclipse/plugins/org.eclipse.m2e.maven.runtime_1.8.0.20170516-2042/jars/aether-spi-1.0.2.v20150114.jar
7fda3004c000-7fda30050000 r--s 00027000 08:01 525796                     /home/deven/Downloads/eclipse/plugins/org.eclipse.m2e.maven.runtime_1.8.0.20170516-2042/jars/aether-impl-1.0.2.v20150114.jar
7fda30050000-7fda3007b000 r--s 001fc000 08:01 525804                     /home/deven/Downloads/eclipse/plugins/org.eclipse.m2e.maven.runtime_1.8.0.20170516-2042/jars/guava-18.0.jar
7fda3007b000-7fda30083000 r--s 00055000 08:01 525821                     /home/deven/Downloads/eclipse/plugins/org.eclipse.m2e.maven.runtime_1.8.0.20170516-2042/jars/org.eclipse.sisu.inject-0.3.2.jar
7fda30083000-7fda30086000 r--s 00008000 08:01 525800                     /home/deven/Downloads/eclipse/plugins/org.eclipse.m2e.maven.runtime_1.8.0.20170516-2042/jars/cdi-api-1.0.jar
7fda30086000-7fda3008c000 r--s 0002d000 08:01 525822                     /home/deven/Downloads/eclipse/plugins/org.eclipse.m2e.maven.runtime_1.8.0.20170516-2042/jars/org.eclipse.sisu.plexus-0.3.2.jar
7fda3008c000-7fda3008f000 r--s 0000b000 08:01 525831                     /home/deven/Downloads/eclipse/plugins/org.eclipse.m2e.maven.runtime_1.8.0.20170516-2042/jars/wagon-provider-api-2.10.jar
7fda3008f000-7fda30095000 r--s 00041000 08:01 525810                     /home/deven/Downloads/eclipse/plugins/org.eclipse.m2e.maven.runtime_1.8.0.20170516-2042/jars/maven-compat-3.3.9.jar
7fda30095000-7fda30097000 r--s 00009000 08:01 525801                     /home/deven/Downloads/eclipse/plugins/org.eclipse.m2e.maven.runtime_1.8.0.20170516-2042/jars/commons-cli-1.2.jar
7fda30097000-7fda30099000 r--s 00002000 08:01 525824                     /home/deven/Downloads/eclipse/plugins/org.eclipse.m2e.maven.runtime_1.8.0.20170516-2042/jars/plexus-cipher-1.7.jar
7fda30099000-7fda3009c000 r--s 00013000 08:01 525812                     /home/deven/Downloads/eclipse/plugins/org.eclipse.m2e.maven.runtime_1.8.0.20170516-2042/jars/maven-embedder-3.3.9.jar
7fda3009c000-7fda300a3000 r--s 00064000 08:01 525803                     /home/deven/Downloads/eclipse/plugins/org.eclipse.m2e.maven.runtime_1.8.0.20170516-2042/jars/commons-lang3-3.4.jar
7fda300a3000-7fda300a5000 r--s 00000000 08:01 525826                     /home/deven/Downloads/eclipse/plugins/org.eclipse.m2e.maven.runtime_1.8.0.20170516-2042/jars/plexus-component-annotations-1.6.jar
7fda300a5000-7fda300a9000 r--s 00038000 08:01 525829                     /home/deven/Downloads/eclipse/plugins/org.eclipse.m2e.maven.runtime_1.8.0.20170516-2042/jars/plexus-utils-3.0.22.jar
7fda300a9000-7fda300ac000 r--s 0000d000 08:01 525827                     /home/deven/Downloads/eclipse/plugins/org.eclipse.m2e.maven.runtime_1.8.0.20170516-2042/jars/plexus-interpolation-1.21.jar
7fda300ac000-7fda300b5000 r--s 0005f000 08:01 525805                     /home/deven/Downloads/eclipse/plugins/org.eclipse.m2e.maven.runtime_1.8.0.20170516-2042/jars/guice-4.0-no_aop.jar
7fda300b5000-7fda300b9000 r--s 00020000 08:01 525799                     /home/deven/Downloads/eclipse/plugins/org.eclipse.m2e.maven.runtime_1.8.0.20170516-2042/jars/aether-util-1.0.2.v20150114.jar
7fda300b9000-7fda300be000 r--s 0001d000 08:01 525793                     /home/deven/Downloads/eclipse/plugins/org.eclipse.m2e.maven.runtime_1.8.0.20170516-2042/jars/aether-api-1.0.2.v20150114.jar
7fda300be000-7fda300c0000 r--s 0000f000 08:01 525807                     /home/deven/Downloads/eclipse/plugins/org.eclipse.m2e.maven.runtime_1.8.0.20170516-2042/jars/maven-aether-provider-3.3.9.jar
7fda300c0000-7fda300cd000 r--s 0008f000 08:01 525811                     /home/deven/Downloads/eclipse/plugins/org.eclipse.m2e.maven.runtime_1.8.0.20170516-2042/jars/maven-core-3.3.9.jar
7fda300cd000-7fda30440000 rw-p 00000000 00:00 0 
7fda30440000-7fda30619000 r--s 03d40000 08:01 2628050                    /usr/lib/jvm/java-8-oracle/jre/lib/rt.jar
7fda30619000-7fda3087d000 rw-p 00000000 00:00 0 
7fda3087d000-7fda3087e000 ---p 00000000 00:00 0 
7fda3087e000-7fda3097e000 rw-p 00000000 00:00 0 
7fda3097e000-7fda3097f000 ---p 00000000 00:00 0 
7fda3097f000-7fda30a94000 rw-p 00000000 00:00 0 
7fda30a94000-7fda30bc9000 ---p 00000000 00:00 0 
7fda30bc9000-7fda30bde000 rw-p 00000000 00:00 0 
7fda30bde000-7fda30d12000 ---p 00000000 00:00 0 
7fda30d12000-7fda30d1d000 rw-p 00000000 00:00 0 
7fda30d1d000-7fda30db7000 ---p 00000000 00:00 0 
7fda30db7000-7fda30dc2000 rw-p 00000000 00:00 0 
7fda30dc2000-7fda31178000 ---p 00000000 00:00 0 
7fda31178000-7fda31192000 r-xp 00000000 08:01 3673653                    /usr/lib/jvm/java-8-oracle/jre/lib/amd64/libzip.so
7fda31192000-7fda31392000 ---p 0001a000 08:01 3673653                    /usr/lib/jvm/java-8-oracle/jre/lib/amd64/libzip.so
7fda31392000-7fda31393000 rw-p 0001a000 08:01 3673653                    /usr/lib/jvm/java-8-oracle/jre/lib/amd64/libzip.so
7fda31393000-7fda3139d000 r-xp 00000000 08:01 3150386                    /lib/x86_64-linux-gnu/libnss_files-2.19.so
7fda3139d000-7fda3159c000 ---p 0000a000 08:01 3150386                    /lib/x86_64-linux-gnu/libnss_files-2.19.so
7fda3159c000-7fda3159d000 r--p 00009000 08:01 3150386                    /lib/x86_64-linux-gnu/libnss_files-2.19.so
7fda3159d000-7fda3159e000 rw-p 0000a000 08:01 3150386                    /lib/x86_64-linux-gnu/libnss_files-2.19.so
7fda3159e000-7fda315a9000 r-xp 00000000 08:01 3150371                    /lib/x86_64-linux-gnu/libnss_nis-2.19.so
7fda315a9000-7fda317a8000 ---p 0000b000 08:01 3150371                    /lib/x86_64-linux-gnu/libnss_nis-2.19.so
7fda317a8000-7fda317a9000 r--p 0000a000 08:01 3150371                    /lib/x86_64-linux-gnu/libnss_nis-2.19.so
7fda317a9000-7fda317aa000 rw-p 0000b000 08:01 3150371                    /lib/x86_64-linux-gnu/libnss_nis-2.19.so
7fda317aa000-7fda317c1000 r-xp 00000000 08:01 3150380                    /lib/x86_64-linux-gnu/libnsl-2.19.so
7fda317c1000-7fda319c0000 ---p 00017000 08:01 3150380                    /lib/x86_64-linux-gnu/libnsl-2.19.so
7fda319c0000-7fda319c1000 r--p 00016000 08:01 3150380                    /lib/x86_64-linux-gnu/libnsl-2.19.so
7fda319c1000-7fda319c2000 rw-p 00017000 08:01 3150380                    /lib/x86_64-linux-gnu/libnsl-2.19.so
7fda319c2000-7fda319c4000 rw-p 00000000 00:00 0 
7fda319c4000-7fda319cd000 r-xp 00000000 08:01 3150378                    /lib/x86_64-linux-gnu/libnss_compat-2.19.so
7fda319cd000-7fda31bcc000 ---p 00009000 08:01 3150378                    /lib/x86_64-linux-gnu/libnss_compat-2.19.so
7fda31bcc000-7fda31bcd000 r--p 00008000 08:01 3150378                    /lib/x86_64-linux-gnu/libnss_compat-2.19.so
7fda31bcd000-7fda31bce000 rw-p 00009000 08:01 3150378                    /lib/x86_64-linux-gnu/libnss_compat-2.19.so
7fda31bce000-7fda31bf9000 r-xp 00000000 08:01 3673676                    /usr/lib/jvm/java-8-oracle/jre/lib/amd64/libjava.so
7fda31bf9000-7fda31df8000 ---p 0002b000 08:01 3673676                    /usr/lib/jvm/java-8-oracle/jre/lib/amd64/libjava.so
7fda31df8000-7fda31dfa000 rw-p 0002a000 08:01 3673676                    /usr/lib/jvm/java-8-oracle/jre/lib/amd64/libjava.so
7fda31dfa000-7fda31e07000 r-xp 00000000 08:01 3673685                    /usr/lib/jvm/java-8-oracle/jre/lib/amd64/libverify.so
7fda31e07000-7fda32006000 ---p 0000d000 08:01 3673685                    /usr/lib/jvm/java-8-oracle/jre/lib/amd64/libverify.so
7fda32006000-7fda32008000 rw-p 0000c000 08:01 3673685                    /usr/lib/jvm/java-8-oracle/jre/lib/amd64/libverify.so
7fda32008000-7fda3200f000 r-xp 00000000 08:01 3150368                    /lib/x86_64-linux-gnu/librt-2.19.so
7fda3200f000-7fda3220e000 ---p 00007000 08:01 3150368                    /lib/x86_64-linux-gnu/librt-2.19.so
7fda3220e000-7fda3220f000 r--p 00006000 08:01 3150368                    /lib/x86_64-linux-gnu/librt-2.19.so
7fda3220f000-7fda32210000 rw-p 00007000 08:01 3150368                    /lib/x86_64-linux-gnu/librt-2.19.so
7fda32210000-7fda32315000 r-xp 00000000 08:01 3150381                    /lib/x86_64-linux-gnu/libm-2.19.so
7fda32315000-7fda32514000 ---p 00105000 08:01 3150381                    /lib/x86_64-linux-gnu/libm-2.19.so
7fda32514000-7fda32515000 r--p 00104000 08:01 3150381                    /lib/x86_64-linux-gnu/libm-2.19.so
7fda32515000-7fda32516000 rw-p 00105000 08:01 3150381                    /lib/x86_64-linux-gnu/libm-2.19.so
7fda32516000-7fda331e5000 r-xp 00000000 08:01 3936270                    /usr/lib/jvm/java-8-oracle/jre/lib/amd64/server/libjvm.so
7fda331e5000-7fda333e5000 ---p 00ccf000 08:01 3936270                    /usr/lib/jvm/java-8-oracle/jre/lib/amd64/server/libjvm.so
7fda333e5000-7fda334be000 rw-p 00ccf000 08:01 3936270                    /usr/lib/jvm/java-8-oracle/jre/lib/amd64/server/libjvm.so
7fda334be000-7fda33509000 rw-p 00000000 00:00 0 
7fda33509000-7fda336c7000 r-xp 00000000 08:01 3150377                    /lib/x86_64-linux-gnu/libc-2.19.so
7fda336c7000-7fda338c6000 ---p 001be000 08:01 3150377                    /lib/x86_64-linux-gnu/libc-2.19.so
7fda338c6000-7fda338ca000 r--p 001bd000 08:01 3150377                    /lib/x86_64-linux-gnu/libc-2.19.so
7fda338ca000-7fda338cc000 rw-p 001c1000 08:01 3150377                    /lib/x86_64-linux-gnu/libc-2.19.so
7fda338cc000-7fda338d1000 rw-p 00000000 00:00 0 
7fda338d1000-7fda338d4000 r-xp 00000000 08:01 3150387                    /lib/x86_64-linux-gnu/libdl-2.19.so
7fda338d4000-7fda33ad3000 ---p 00003000 08:01 3150387                    /lib/x86_64-linux-gnu/libdl-2.19.so
7fda33ad3000-7fda33ad4000 r--p 00002000 08:01 3150387                    /lib/x86_64-linux-gnu/libdl-2.19.so
7fda33ad4000-7fda33ad5000 rw-p 00003000 08:01 3150387                    /lib/x86_64-linux-gnu/libdl-2.19.so
7fda33ad5000-7fda33aea000 r-xp 00000000 08:01 2628032                    /usr/lib/jvm/java-8-oracle/lib/amd64/jli/libjli.so
7fda33aea000-7fda33cea000 ---p 00015000 08:01 2628032                    /usr/lib/jvm/java-8-oracle/lib/amd64/jli/libjli.so
7fda33cea000-7fda33ceb000 rw-p 00015000 08:01 2628032                    /usr/lib/jvm/java-8-oracle/lib/amd64/jli/libjli.so
7fda33ceb000-7fda33d04000 r-xp 00000000 08:01 3150388                    /lib/x86_64-linux-gnu/libpthread-2.19.so
7fda33d04000-7fda33f03000 ---p 00019000 08:01 3150388                    /lib/x86_64-linux-gnu/libpthread-2.19.so
7fda33f03000-7fda33f04000 r--p 00018000 08:01 3150388                    /lib/x86_64-linux-gnu/libpthread-2.19.so
7fda33f04000-7fda33f05000 rw-p 00019000 08:01 3150388                    /lib/x86_64-linux-gnu/libpthread-2.19.so
7fda33f05000-7fda33f09000 rw-p 00000000 00:00 0 
7fda33f09000-7fda33f2c000 r-xp 00000000 08:01 3150385                    /lib/x86_64-linux-gnu/ld-2.19.so
7fda33f2c000-7fda33f2d000 r--s 00001000 08:01 525806                     /home/deven/Downloads/eclipse/plugins/org.eclipse.m2e.maven.runtime_1.8.0.20170516-2042/jars/jsr250-api-1.0.jar
7fda33f2d000-7fda33f32000 r--s 00027000 08:01 525814                     /home/deven/Downloads/eclipse/plugins/org.eclipse.m2e.maven.runtime_1.8.0.20170516-2042/jars/maven-model-builder-3.3.9.jar
7fda33f32000-7fda33f34000 r--s 0000a000 08:01 525815                     /home/deven/Downloads/eclipse/plugins/org.eclipse.m2e.maven.runtime_1.8.0.20170516-2042/jars/maven-plugin-api-3.3.9.jar
7fda33f34000-7fda33f36000 r--s 0000c000 08:01 525808                     /home/deven/Downloads/eclipse/plugins/org.eclipse.m2e.maven.runtime_1.8.0.20170516-2042/jars/maven-artifact-3.3.9.jar
7fda33f36000-7fda3400f000 rw-p 00000000 00:00 0 
7fda3400f000-7fda34012000 ---p 00000000 00:00 0 
7fda34012000-7fda34114000 rw-p 00000000 00:00 0 
7fda34114000-7fda34115000 r--s 00006000 08:01 525828                     /home/deven/Downloads/eclipse/plugins/org.eclipse.m2e.maven.runtime_1.8.0.20170516-2042/jars/plexus-sec-dispatcher-1.3.jar
7fda34115000-7fda34116000 r--s 00006000 08:01 525816                     /home/deven/Downloads/eclipse/plugins/org.eclipse.m2e.maven.runtime_1.8.0.20170516-2042/jars/maven-repository-metadata-3.3.9.jar
7fda34116000-7fda34117000 r--s 00003000 08:01 525809                     /home/deven/Downloads/eclipse/plugins/org.eclipse.m2e.maven.runtime_1.8.0.20170516-2042/jars/maven-builder-support-3.3.9.jar
7fda34117000-7fda34119000 r--s 00009000 08:01 525818                     /home/deven/Downloads/eclipse/plugins/org.eclipse.m2e.maven.runtime_1.8.0.20170516-2042/jars/maven-settings-builder-3.3.9.jar
7fda34119000-7fda3411a000 r--s 0000a000 08:01 525817                     /home/deven/Downloads/eclipse/plugins/org.eclipse.m2e.maven.runtime_1.8.0.20170516-2042/jars/maven-settings-3.3.9.jar
7fda3411a000-7fda3411d000 r--s 00026000 08:01 525813                     /home/deven/Downloads/eclipse/plugins/org.eclipse.m2e.maven.runtime_1.8.0.20170516-2042/jars/maven-model-3.3.9.jar
7fda3411d000-7fda3411f000 r--s 0000b000 08:01 525825                     /home/deven/Downloads/eclipse/plugins/org.eclipse.m2e.maven.runtime_1.8.0.20170516-2042/jars/plexus-classworlds-2.5.2.jar
7fda3411f000-7fda34127000 rw-s 00000000 08:01 2228258                    /tmp/hsperfdata_deven/3054
7fda34127000-7fda34128000 rw-p 00000000 00:00 0 
7fda34128000-7fda34129000 ---p 00000000 00:00 0 
7fda34129000-7fda3412b000 rw-p 00000000 00:00 0 
7fda3412b000-7fda3412c000 r--p 00022000 08:01 3150385                    /lib/x86_64-linux-gnu/ld-2.19.so
7fda3412c000-7fda3412d000 rw-p 00023000 08:01 3150385                    /lib/x86_64-linux-gnu/ld-2.19.so
7fda3412d000-7fda3412e000 rw-p 00000000 00:00 0 
7fff3d7df000-7fff3d800000 rw-p 00000000 00:00 0                          [stack]
7fff3d98f000-7fff3d991000 r--p 00000000 00:00 0                          [vvar]
7fff3d991000-7fff3d993000 r-xp 00000000 00:00 0                          [vdso]
ffffffffff600000-ffffffffff601000 r-xp 00000000 00:00 0                  [vsyscall]

VM Arguments:
jvm_args: -Dmaven.home=EMBEDDED -Dclassworlds.conf=/home/deven/Desktop/orchestrator_changes_workspace/.metadata/.plugins/org.eclipse.m2e.launching/launches/m2conf3903565949076306636.tmp -Dmaven.multiModuleProjectDirectory=/home/deven/Desktop/LF_model_connector/runtime-orchestrator -Dfile.encoding=UTF-8 
java_command: org.codehaus.plexus.classworlds.launcher.Launcher -B clean install
java_class_path (initial): /home/deven/Downloads/eclipse/plugins/org.eclipse.m2e.maven.runtime_1.8.0.20170516-2042/jars/plexus-classworlds-2.5.2.jar
Launcher Type: SUN_STANDARD

Environment Variables:
JAVA_HOME=/usr/lib/jvm/java-8-oracle
PATH=/usr/local/sbin:/usr/local/bin:/usr/sbin:/usr/bin:/sbin:/bin:/usr/games:/usr/local/games:/home/deven/Desktop/apache-maven-3.5.0/bin:/home/deven/Desktop:/usr/lib/jvm/java-8-oracle/bin:/usr/lib/jvm/java-8-oracle/db/bin:/usr/lib/jvm/java-8-oracle/jre/bin
SHELL=/bin/bash
DISPLAY=:0.0

Signal Handlers:
SIGSEGV: [libjvm.so+0xac8af0], sa_mask[0]=11111111011111111101111111111110, sa_flags=SA_RESTART|SA_SIGINFO
SIGBUS: [libjvm.so+0xac8af0], sa_mask[0]=11111111011111111101111111111110, sa_flags=SA_RESTART|SA_SIGINFO
SIGFPE: [libjvm.so+0x921dd0], sa_mask[0]=11111111011111111101111111111110, sa_flags=SA_RESTART|SA_SIGINFO
SIGPIPE: [libjvm.so+0x921dd0], sa_mask[0]=11111111011111111101111111111110, sa_flags=SA_RESTART|SA_SIGINFO
SIGXFSZ: [libjvm.so+0x921dd0], sa_mask[0]=11111111011111111101111111111110, sa_flags=SA_RESTART|SA_SIGINFO
SIGILL: [libjvm.so+0x921dd0], sa_mask[0]=11111111011111111101111111111110, sa_flags=SA_RESTART|SA_SIGINFO
SIGUSR1: SIG_DFL, sa_mask[0]=00000000000000000000000000000000, sa_flags=none
SIGUSR2: [libjvm.so+0x923610], sa_mask[0]=00100000000000000000000000000000, sa_flags=SA_RESTART|SA_SIGINFO
SIGHUP: [libjvm.so+0x924a10], sa_mask[0]=11111111011111111101111111111110, sa_flags=SA_RESTART|SA_SIGINFO
SIGINT: [libjvm.so+0x924a10], sa_mask[0]=11111111011111111101111111111110, sa_flags=SA_RESTART|SA_SIGINFO
SIGTERM: [libjvm.so+0x924a10], sa_mask[0]=11111111011111111101111111111110, sa_flags=SA_RESTART|SA_SIGINFO
SIGQUIT: [libjvm.so+0x924a10], sa_mask[0]=11111111011111111101111111111110, sa_flags=SA_RESTART|SA_SIGINFO


---------------  S Y S T E M  ---------------

OS:DISTRIB_ID=Ubuntu
DISTRIB_RELEASE=14.04
DISTRIB_CODENAME=trusty
DISTRIB_DESCRIPTION="Ubuntu 14.04.5 LTS"

uname:Linux 4.4.0-31-generic #50~14.04.1-Ubuntu SMP Wed Jul 13 01:07:32 UTC 2016 x86_64
libc:glibc 2.19 NPTL 2.19 
rlimit: STACK 8192k, CORE 0k, NPROC 15720, NOFILE 4096, AS infinity
load average:2.54 1.61 0.66

/proc/meminfo:
MemTotal:        4046844 kB
MemFree:          101868 kB
MemAvailable:      81696 kB
Buffers:            7124 kB
Cached:           161552 kB
SwapCached:        23640 kB
Active:          2749012 kB
Inactive:        1070236 kB
Active(anon):    2665224 kB
Inactive(anon):   993272 kB
Active(file):      83788 kB
Inactive(file):    76964 kB
Unevictable:          32 kB
Mlocked:              32 kB
SwapTotal:       4192252 kB
SwapFree:        3930676 kB
Dirty:               192 kB
Writeback:             0 kB
AnonPages:       3629964 kB
Mapped:            97284 kB
Shmem:              7916 kB
Slab:              59672 kB
SReclaimable:      36216 kB
SUnreclaim:        23456 kB
KernelStack:        9168 kB
PageTables:        33492 kB
NFS_Unstable:          0 kB
Bounce:                0 kB
WritebackTmp:          0 kB
CommitLimit:     6215672 kB
Committed_AS:    6576424 kB
VmallocTotal:   34359738367 kB
VmallocUsed:           0 kB
VmallocChunk:          0 kB
HardwareCorrupted:     0 kB
AnonHugePages:   2074624 kB
CmaTotal:              0 kB
CmaFree:               0 kB
HugePages_Total:       0
HugePages_Free:        0
HugePages_Rsvd:        0
HugePages_Surp:        0
Hugepagesize:       2048 kB
DirectMap4k:       69568 kB
DirectMap2M:     4124672 kB


CPU:total 2 (initial active 2) (2 cores per cpu, 1 threads per core) family 6 model 60 stepping 3, cmov, cx8, fxsr, mmx, sse, sse2, sse3, ssse3, sse4.1, sse4.2, popcnt, avx, aes, clmul, lzcnt, tsc, tscinvbit

/proc/cpuinfo:
processor	: 0
vendor_id	: GenuineIntel
cpu family	: 6
model		: 60
model name	: Intel(R) Core(TM) i7-4810MQ CPU @ 2.80GHz
stepping	: 3
cpu MHz		: 2793.550
cache size	: 6144 KB
physical id	: 0
siblings	: 2
core id		: 0
cpu cores	: 2
apicid		: 0
initial apicid	: 0
fpu		: yes
fpu_exception	: yes
cpuid level	: 13
wp		: yes
flags		: fpu vme de pse tsc msr pae mce cx8 apic sep mtrr pge mca cmov pat pse36 clflush mmx fxsr sse sse2 ht syscall rdtscp lm constant_tsc rep_good nopl xtopology nonstop_tsc pni pclmulqdq ssse3 cx16 sse4_1 sse4_2 x2apic movbe popcnt aes xsave avx rdrand hypervisor lahf_lm abm
bugs		:
bogomips	: 5587.10
clflush size	: 64
cache_alignment	: 64
address sizes	: 39 bits physical, 48 bits virtual
power management:

processor	: 1
vendor_id	: GenuineIntel
cpu family	: 6
model		: 60
model name	: Intel(R) Core(TM) i7-4810MQ CPU @ 2.80GHz
stepping	: 3
cpu MHz		: 2793.550
cache size	: 6144 KB
physical id	: 0
siblings	: 2
core id		: 1
cpu cores	: 2
apicid		: 1
initial apicid	: 1
fpu		: yes
fpu_exception	: yes
cpuid level	: 13
wp		: yes
flags		: fpu vme de pse tsc msr pae mce cx8 apic sep mtrr pge mca cmov pat pse36 clflush mmx fxsr sse sse2 ht syscall rdtscp lm constant_tsc rep_good nopl xtopology nonstop_tsc pni pclmulqdq ssse3 cx16 sse4_1 sse4_2 x2apic movbe popcnt aes xsave avx rdrand hypervisor lahf_lm abm
bugs		:
bogomips	: 5587.10
clflush size	: 64
cache_alignment	: 64
address sizes	: 39 bits physical, 48 bits virtual
power management:



Memory: 4k page, physical 4046844k(101868k free), swap 4192252k(3930676k free)

vm_info: Java HotSpot(TM) 64-Bit Server VM (25.131-b11) for linux-amd64 JRE (1.8.0_131-b11), built on Mar 15 2017 01:23:40 by "java_re" with gcc 4.3.0 20080428 (Red Hat 4.3.0-8)

time: Fri Feb 23 04:17:34 2018
elapsed time: 0 seconds (0d 0h 0m 0s)

